# JRE version: OpenJDK Runtime Environment (17.0.11) (build 17.0.11+0--11852314)
# Java VM: OpenJDK 64-Bit Server VM (17.0.11+0--11852314, mixed mode, tiered, compressed oops, compressed class ptrs, g1 gc, windows-amd64)
GC Precious Log:
 CPUs: 8 total, 8 available
 Memory: 16167M
 Large Page Support: Disabled
 NUMA Support: Disabled
 Compressed Oops: Enabled (32-bit)
 Heap Region Size: 1M
 Heap Min Capacity: 8M
 Heap Initial Capacity: 254M
 Heap Max Capacity: 2G
 Pre-touch: Disabled
 Parallel Workers: 8
 Concurrent Workers: 2
 Concurrent Refinement Workers: 8
 Periodic GC: Disabled
Heap:
 garbage-first heap   total 275456K, used 198707K [0x0000000080000000, 0x0000000100000000)
  region size 1024K, 37 young (37888K), 1 survivors (1024K)
 Metaspace       used 151960K, committed 152704K, reserved 1245184K
  class space    used 19608K, committed 19968K, reserved 1048576K
GC Heap History (20 events):
Event: 10.076 GC heap before
{Heap before GC invocations=37 (full 0):
 garbage-first heap   total 222208K, used 188137K [0x0000000080000000, 0x0000000100000000)
  region size 1024K, 67 young (68608K), 2 survivors (2048K)
 Metaspace       used 128553K, committed 129216K, reserved 1179648K
  class space    used 16709K, committed 17024K, reserved 1048576K
}
Event: 10.079 GC heap after
{Heap after GC invocations=38 (full 0):
 garbage-first heap   total 222208K, used 126448K [0x0000000080000000, 0x0000000100000000)
  region size 1024K, 8 young (8192K), 8 survivors (8192K)
 Metaspace       used 128553K, committed 129216K, reserved 1179648K
  class space    used 16709K, committed 17024K, reserved 1048576K
}
Event: 10.518 GC heap before
{Heap before GC invocations=38 (full 0):
 garbage-first heap   total 222208K, used 179696K [0x0000000080000000, 0x0000000100000000)
  region size 1024K, 61 young (62464K), 8 survivors (8192K)
 Metaspace       used 133966K, committed 134720K, reserved 1179648K
  class space    used 17398K, committed 17728K, reserved 1048576K
}
Event: 10.523 GC heap after
{Heap after GC invocations=39 (full 0):
 garbage-first heap   total 222208K, used 129061K [0x0000000080000000, 0x0000000100000000)
  region size 1024K, 4 young (4096K), 4 survivors (4096K)
 Metaspace       used 133966K, committed 134720K, reserved 1179648K
  class space    used 17398K, committed 17728K, reserved 1048576K
}
Event: 10.898 GC heap before
{Heap before GC invocations=40 (full 0):
 garbage-first heap   total 249856K, used 191525K [0x0000000080000000, 0x0000000100000000)
  region size 1024K, 60 young (61440K), 4 survivors (4096K)
 Metaspace       used 137141K, committed 137856K, reserved 1179648K
  class space    used 17840K, committed 18176K, reserved 1048576K
}
Event: 10.902 GC heap after
{Heap after GC invocations=41 (full 0):
 garbage-first heap   total 249856K, used 134448K [0x0000000080000000, 0x0000000100000000)
  region size 1024K, 8 young (8192K), 8 survivors (8192K)
 Metaspace       used 137141K, committed 137856K, reserved 1179648K
  class space    used 17840K, committed 18176K, reserved 1048576K
}
Event: 10.946 GC heap before
{Heap before GC invocations=41 (full 0):
 garbage-first heap   total 249856K, used 137520K [0x0000000080000000, 0x0000000100000000)
  region size 1024K, 12 young (12288K), 8 survivors (8192K)
 Metaspace       used 137462K, committed 138112K, reserved 1179648K
  class space    used 17869K, committed 18176K, reserved 1048576K
}
Event: 10.950 GC heap after
{Heap after GC invocations=42 (full 0):
 garbage-first heap   total 249856K, used 134383K [0x0000000080000000, 0x0000000100000000)
  region size 1024K, 2 young (2048K), 2 survivors (2048K)
 Metaspace       used 137462K, committed 138112K, reserved 1179648K
  class space    used 17869K, committed 18176K, reserved 1048576K
}
Event: 11.522 GC heap before
{Heap before GC invocations=42 (full 0):
 garbage-first heap   total 249856K, used 205039K [0x0000000080000000, 0x0000000100000000)
  region size 1024K, 67 young (68608K), 2 survivors (2048K)
 Metaspace       used 142651K, committed 143360K, reserved 1179648K
  class space    used 18601K, committed 18944K, reserved 1048576K
}
Event: 11.525 GC heap after
{Heap after GC invocations=43 (full 0):
 garbage-first heap   total 249856K, used 142133K [0x0000000080000000, 0x0000000100000000)
  region size 1024K, 5 young (5120K), 5 survivors (5120K)
 Metaspace       used 142651K, committed 143360K, reserved 1179648K
  class space    used 18601K, committed 18944K, reserved 1048576K
}
Event: 12.284 GC heap before
{Heap before GC invocations=43 (full 0):
 garbage-first heap   total 249856K, used 203573K [0x0000000080000000, 0x0000000100000000)
  region size 1024K, 66 young (67584K), 5 survivors (5120K)
 Metaspace       used 143427K, committed 144064K, reserved 1179648K
  class space    used 18686K, committed 19008K, reserved 1048576K
}
Event: 12.291 GC heap after
{Heap after GC invocations=44 (full 0):
 garbage-first heap   total 249856K, used 150067K [0x0000000080000000, 0x0000000100000000)
  region size 1024K, 9 young (9216K), 9 survivors (9216K)
 Metaspace       used 143427K, committed 144064K, reserved 1179648K
  class space    used 18686K, committed 19008K, reserved 1048576K
}
Event: 12.490 GC heap before
{Heap before GC invocations=44 (full 0):
 garbage-first heap   total 249856K, used 207411K [0x0000000080000000, 0x0000000100000000)
  region size 1024K, 64 young (65536K), 9 survivors (9216K)
 Metaspace       used 143726K, committed 144384K, reserved 1179648K
  class space    used 18696K, committed 19008K, reserved 1048576K
}
Event: 12.496 GC heap after
{Heap after GC invocations=45 (full 0):
 garbage-first heap   total 249856K, used 156275K [0x0000000080000000, 0x0000000100000000)
  region size 1024K, 6 young (6144K), 6 survivors (6144K)
 Metaspace       used 143726K, committed 144384K, reserved 1179648K
  class space    used 18696K, committed 19008K, reserved 1048576K
}
Event: 12.813 GC heap before
{Heap before GC invocations=45 (full 0):
 garbage-first heap   total 249856K, used 208499K [0x0000000080000000, 0x0000000100000000)
  region size 1024K, 57 young (58368K), 6 survivors (6144K)
 Metaspace       used 145044K, committed 145792K, reserved 1179648K
  class space    used 18788K, committed 19136K, reserved 1048576K
}
Event: 12.820 GC heap after
{Heap after GC invocations=46 (full 0):
 garbage-first heap   total 249856K, used 162738K [0x0000000080000000, 0x0000000100000000)
  region size 1024K, 7 young (7168K), 7 survivors (7168K)
 Metaspace       used 145044K, committed 145792K, reserved 1179648K
  class space    used 18788K, committed 19136K, reserved 1048576K
}
Event: 13.768 GC heap before
{Heap before GC invocations=47 (full 0):
 garbage-first heap   total 275456K, used 207794K [0x0000000080000000, 0x0000000100000000)
  region size 1024K, 52 young (53248K), 7 survivors (7168K)
 Metaspace       used 148824K, committed 149568K, reserved 1179648K
  class space    used 19108K, committed 19456K, reserved 1048576K
}
Event: 13.773 GC heap after
{Heap after GC invocations=48 (full 0):
 garbage-first heap   total 275456K, used 164841K [0x0000000080000000, 0x0000000100000000)
  region size 1024K, 4 young (4096K), 4 survivors (4096K)
 Metaspace       used 148824K, committed 149568K, reserved 1179648K
  class space    used 19108K, committed 19456K, reserved 1048576K
}
Event: 13.853 GC heap before
{Heap before GC invocations=48 (full 0):
 garbage-first heap   total 275456K, used 174057K [0x0000000080000000, 0x0000000100000000)
  region size 1024K, 13 young (13312K), 4 survivors (4096K)
 Metaspace       used 149481K, committed 150144K, reserved 1179648K
  class space    used 19206K, committed 19520K, reserved 1048576K
}
Event: 13.855 GC heap after
{Heap after GC invocations=49 (full 0):
 garbage-first heap   total 275456K, used 161843K [0x0000000080000000, 0x0000000100000000)
  region size 1024K, 1 young (1024K), 1 survivors (1024K)
 Metaspace       used 149481K, committed 150144K, reserved 1179648K
  class space    used 19206K, committed 19520K, reserved 1048576K
}

